<?xml version="1.0" encoding="UTF-8"?>
<!-- Generated by org.testng.reporters.JUnitXMLReporter -->
<testsuite hostname="DESKTOP-LR7I5H0" ignored="0" name="Admin Test-2" tests="5" failures="5" timestamp="2023-01-12T17:48:56 IST" time="31.158" errors="0">
  <testcase name="addMenu" time="9.046" classname="com.OFOS.testscript.AddMenuTest">
    <failure type="java.lang.AssertionError" message="null">
      <![CDATA[java.lang.AssertionError: null
at com.OFOS.testscript.AddMenuTest.addMenu(AddMenuTest.java:34)
at java.util.ArrayList.forEach(ArrayList.java:1257)
... Removed 29 stack frames]]>
    </failure>
  </testcase> <!-- addMenu -->
  <testcase name="addMenu" time="1.9" classname="com.OFOS.testscript.AddMenuTest">
    <failure type="java.lang.AssertionError" message="null">
      <![CDATA[java.lang.AssertionError: null
at com.OFOS.testscript.AddMenuTest.addMenu(AddMenuTest.java:34)
at java.util.ArrayList.forEach(ArrayList.java:1257)
... Removed 29 stack frames]]>
    </failure>
  </testcase> <!-- addMenu -->
  <testcase name="addMenu" time="1.988" classname="com.OFOS.testscript.AddMenuTest">
    <failure type="java.lang.AssertionError" message="null">
      <![CDATA[java.lang.AssertionError: null
at com.OFOS.testscript.AddMenuTest.addMenu(AddMenuTest.java:34)
at java.util.ArrayList.forEach(ArrayList.java:1257)
... Removed 29 stack frames]]>
    </failure>
  </testcase> <!-- addMenu -->
  <testcase name="addMenu" time="1.918" classname="com.OFOS.testscript.AddMenuTest">
    <failure type="java.lang.AssertionError" message="null">
      <![CDATA[java.lang.AssertionError: null
at com.OFOS.testscript.AddMenuTest.addMenu(AddMenuTest.java:34)
at java.util.ArrayList.forEach(ArrayList.java:1257)
... Removed 29 stack frames]]>
    </failure>
  </testcase> <!-- addMenu -->
  <testcase name="addMenu" time="1.891" classname="com.OFOS.testscript.AddMenuTest">
    <failure type="java.lang.AssertionError" message="null">
      <![CDATA[java.lang.AssertionError: null
at com.OFOS.testscript.AddMenuTest.addMenu(AddMenuTest.java:34)
at java.util.ArrayList.forEach(ArrayList.java:1257)
... Removed 29 stack frames]]>
    </failure>
  </testcase> <!-- addMenu -->
</testsuite> <!-- Admin Test-2 -->
